SF:lib\domain\usecases\get_movie_detail.dart
DA:9,1
DA:11,1
DA:12,2
LF:3
LH:3
end_of_record
SF:lib\domain\usecases\get_movie_recommendations.dart
DA:9,1
DA:11,1
DA:12,2
LF:3
LH:3
end_of_record
SF:lib\presentation\bloc\movie_detail\movie_detail_event.dart
DA:4,3
DA:6,0
DA:7,0
DA:13,2
DA:15,0
DA:16,0
DA:22,2
DA:24,0
DA:25,0
DA:31,1
DA:33,0
DA:34,0
DA:40,3
DA:42,0
DA:43,0
LF:15
LH:5
end_of_record
SF:lib\presentation\bloc\movie_detail\movie_detail_state.dart
DA:12,13
DA:22,2
DA:31,2
DA:32,2
DA:33,2
DA:34,1
DA:35,2
DA:36,2
DA:37,2
DA:38,2
DA:42,2
DA:54,1
DA:55,1
DA:56,1
DA:57,1
DA:58,1
DA:59,1
DA:60,1
DA:61,1
DA:62,1
LF:20
LH:20
end_of_record
SF:lib\presentation\bloc\movie_detail\movie_detail_bloc.dart
DA:26,1
DA:32,2
DA:33,1
DA:34,1
DA:35,1
DA:37,3
DA:38,3
DA:39,3
DA:41,1
DA:42,1
DA:43,1
DA:44,2
DA:46,1
DA:50,1
DA:51,1
DA:52,2
DA:59,1
DA:60,1
DA:61,1
DA:62,2
DA:64,1
DA:68,1
DA:69,1
DA:70,2
DA:83,1
DA:84,1
DA:85,1
DA:87,3
DA:89,1
DA:90,1
DA:91,4
DA:93,1
DA:94,3
DA:98,3
DA:102,1
DA:103,1
DA:104,1
DA:106,3
DA:108,1
DA:109,1
DA:110,4
DA:112,1
DA:113,3
DA:117,3
DA:121,1
DA:122,1
DA:123,1
DA:125,3
DA:126,3
LF:49
LH:49
end_of_record
SF:lib\presentation\pages\movie_detail_page.dart
DA:16,1
DA:18,1
DA:19,1
DA:23,1
DA:25,1
DA:26,2
DA:27,6
DA:28,6
DA:32,1
DA:34,1
DA:35,1
DA:36,1
DA:37,2
DA:39,2
DA:41,1
DA:42,4
DA:44,2
DA:46,1
DA:47,1
DA:48,2
DA:53,1
DA:54,3
DA:55,2
DA:56,1
DA:57,2
DA:61,2
DA:62,1
DA:63,1
DA:64,1
DA:66,1
DA:67,1
DA:70,2
DA:71,0
DA:73,1
DA:86,1
DA:88,1
DA:90,1
DA:92,3
DA:93,1
DA:94,1
DA:95,1
DA:96,3
DA:98,1
DA:101,0
DA:103,1
DA:105,1
DA:106,1
DA:107,1
DA:117,1
DA:118,1
DA:119,1
DA:121,1
DA:123,1
DA:125,1
DA:126,1
DA:127,2
DA:128,1
DA:130,1
DA:131,1
DA:132,1
DA:134,1
DA:135,3
DA:138,0
DA:139,0
DA:142,1
DA:144,1
DA:145,1
DA:152,1
DA:153,3
DA:155,1
DA:156,3
DA:158,1
DA:159,1
DA:160,1
DA:161,3
DA:163,1
DA:169,4
DA:173,1
DA:175,1
DA:177,1
DA:178,2
DA:181,1
DA:183,1
DA:185,1
DA:186,1
DA:187,2
DA:192,2
DA:194,0
DA:195,2
DA:197,1
DA:199,1
DA:201,1
DA:202,2
DA:203,1
DA:205,1
DA:206,0
DA:207,0
DA:210,0
DA:213,1
DA:218,1
DA:220,2
DA:221,1
DA:227,0
DA:234,2
DA:238,0
DA:246,1
DA:248,1
DA:263,1
DA:265,1
DA:268,1
DA:270,0
DA:271,0
DA:280,1
DA:282,2
DA:283,3
DA:286,1
DA:290,3
DA:293,1
DA:294,1
DA:295,1
DA:297,1
DA:298,1
DA:300,0
LF:123
LH:110
end_of_record
SF:lib\domain\usecases\get_now_playing_movies.dart
DA:9,1
DA:11,1
DA:12,2
LF:3
LH:3
end_of_record
SF:lib\domain\usecases\get_popular_movies.dart
DA:9,1
DA:11,1
DA:12,2
LF:3
LH:3
end_of_record
SF:lib\presentation\bloc\movie_event.dart
DA:4,5
DA:6,0
DA:7,0
LF:3
LH:1
end_of_record
SF:lib\presentation\bloc\movie_state.dart
DA:5,10
DA:7,3
DA:8,3
DA:18,8
DA:20,3
DA:21,6
DA:27,7
DA:29,3
DA:30,6
LF:9
LH:9
end_of_record
SF:lib\presentation\bloc\popular_movies_bloc.dart
DA:9,6
DA:10,4
DA:11,4
DA:12,6
DA:14,2
DA:15,2
DA:16,6
DA:18,2
DA:19,4
LF:9
LH:9
end_of_record
SF:lib\presentation\pages\popular_movies_page.dart
DA:11,1
DA:13,1
DA:14,1
DA:18,1
DA:20,1
DA:21,1
DA:22,5
DA:25,1
DA:27,1
DA:28,1
DA:31,1
DA:33,1
DA:34,1
DA:35,1
DA:39,1
DA:40,1
DA:41,1
DA:42,1
DA:43,1
DA:44,1
DA:46,1
DA:48,1
DA:49,1
DA:51,2
DA:54,0
DA:55,0
LF:26
LH:24
end_of_record
SF:lib\domain\usecases\get_top_rated_movies.dart
DA:9,1
DA:11,1
DA:12,2
LF:3
LH:3
end_of_record
SF:lib\presentation\bloc\top_rated_movies_bloc.dart
DA:9,6
DA:10,4
DA:11,4
DA:12,6
DA:14,2
DA:15,2
DA:16,6
DA:18,2
DA:19,4
LF:9
LH:9
end_of_record
SF:lib\presentation\pages\top_rated_movies_page.dart
DA:11,1
DA:13,1
DA:14,1
DA:18,1
DA:20,1
DA:21,1
DA:22,5
DA:25,1
DA:27,1
DA:28,1
DA:31,1
DA:33,1
DA:34,1
DA:35,1
DA:39,1
DA:40,1
DA:41,1
DA:42,1
DA:43,1
DA:44,1
DA:46,1
DA:48,1
DA:49,1
DA:51,2
DA:54,0
DA:55,0
LF:26
LH:24
end_of_record
SF:lib\presentation\bloc\movie_list_bloc.dart
DA:9,3
DA:10,2
DA:11,2
DA:12,3
DA:14,1
DA:15,1
DA:16,3
DA:18,1
DA:19,2
LF:9
LH:9
end_of_record
