SF:lib\domain\usecases\movie\search_movies.dart
DA:9,1
DA:11,1
DA:12,2
LF:3
LH:3
end_of_record
SF:lib\domain\usecases\tv\search_tv.dart
DA:9,1
DA:11,1
DA:12,2
LF:3
LH:3
end_of_record
SF:lib\presentation\bloc\search_state.dart
DA:4,2
DA:6,1
DA:7,1
DA:17,2
DA:19,1
DA:20,2
DA:26,1
DA:28,1
DA:29,2
LF:9
LH:9
end_of_record
SF:lib\presentation\bloc\search_event.dart
DA:4,1
DA:6,0
DA:7,0
DA:13,1
DA:15,0
DA:16,0
LF:6
LH:2
end_of_record
SF:lib\presentation\bloc\search_bloc.dart
DA:16,3
DA:17,2
DA:18,1
DA:20,2
DA:21,3
DA:23,1
DA:24,1
DA:25,3
DA:27,1
DA:28,2
DA:31,1
DA:38,1
DA:39,3
DA:42,3
DA:43,2
DA:44,1
DA:46,2
DA:47,3
DA:49,1
DA:50,1
DA:51,3
DA:53,1
DA:54,2
DA:57,1
DA:61,1
DA:62,3
LF:26
LH:26
end_of_record
SF:lib\presentation\pages\movie\search_page.dart
DA:12,0
DA:14,0
DA:15,0
DA:16,0
DA:18,0
DA:20,0
DA:22,0
DA:23,0
DA:24,0
DA:25,0
DA:27,0
DA:29,0
DA:30,0
DA:34,0
DA:35,0
DA:37,0
DA:39,0
DA:40,0
DA:41,0
DA:45,0
DA:46,0
DA:47,0
DA:48,0
DA:50,0
DA:51,0
DA:52,0
DA:54,0
DA:57,0
DA:58,0
DA:59,0
DA:60,0
DA:64,0
DA:65,0
LF:33
LH:0
end_of_record
SF:lib\presentation\provider\movie\movie_search_notifier.dart
DA:9,0
DA:12,0
DA:15,0
DA:18,0
DA:20,0
DA:21,0
DA:22,0
DA:24,0
DA:25,0
DA:26,0
DA:27,0
DA:28,0
DA:29,0
DA:31,0
DA:32,0
DA:33,0
DA:34,0
LF:17
LH:0
end_of_record
SF:lib\presentation\pages\tv\search_page_tv.dart
DA:12,0
DA:14,0
DA:15,0
DA:16,0
DA:18,0
DA:20,0
DA:22,0
DA:23,0
DA:24,0
DA:25,0
DA:27,0
DA:29,0
DA:30,0
DA:34,0
DA:35,0
DA:37,0
DA:39,0
DA:40,0
DA:41,0
DA:45,0
DA:46,0
DA:47,0
DA:48,0
DA:50,0
DA:51,0
DA:52,0
DA:54,0
DA:57,0
DA:58,0
DA:59,0
DA:60,0
DA:64,0
DA:65,0
LF:33
LH:0
end_of_record
SF:lib\presentation\provider\tv\tv_search_notifier.dart
DA:9,0
DA:12,0
DA:15,0
DA:18,0
DA:20,0
DA:21,0
DA:22,0
DA:24,0
DA:25,0
DA:26,0
DA:27,0
DA:28,0
DA:29,0
DA:31,0
DA:32,0
DA:33,0
DA:34,0
LF:17
LH:0
end_of_record
