SF:lib\domain\usecases\get_now_playing_tv.dart
DA:9,1
DA:11,1
DA:12,2
LF:3
LH:3
end_of_record
SF:lib\domain\usecases\get_popular_tv.dart
DA:9,1
DA:11,1
DA:12,2
LF:3
LH:3
end_of_record
SF:lib\domain\usecases\get_top_rated_tv.dart
DA:9,1
DA:11,1
DA:12,2
LF:3
LH:3
end_of_record
SF:lib\domain\usecases\get_tv_detail.dart
DA:9,1
DA:11,1
DA:12,2
LF:3
LH:3
end_of_record
SF:lib\domain\usecases\get_tv_recommendations.dart
DA:9,1
DA:11,1
DA:12,2
LF:3
LH:3
end_of_record
SF:lib\presentation\bloc\popular_tvs_bloc.dart
DA:9,6
DA:10,4
DA:11,4
DA:12,6
DA:14,2
DA:15,2
DA:16,6
DA:18,2
DA:19,4
LF:9
LH:9
end_of_record
SF:lib\presentation\bloc\tv_event.dart
DA:4,5
DA:6,0
DA:7,0
LF:3
LH:1
end_of_record
SF:lib\presentation\bloc\tv_state.dart
DA:5,10
DA:7,3
DA:8,3
DA:18,8
DA:20,3
DA:21,6
DA:27,7
DA:29,3
DA:30,6
LF:9
LH:9
end_of_record
SF:lib\presentation\bloc\top_rated_tvs_bloc.dart
DA:9,6
DA:10,4
DA:11,4
DA:12,6
DA:14,2
DA:15,2
DA:16,6
DA:18,2
DA:19,4
LF:9
LH:9
end_of_record
SF:lib\presentation\bloc\tv_detail\tv_detail_event.dart
DA:4,3
DA:6,0
DA:7,0
DA:13,2
DA:15,0
DA:16,0
DA:22,2
DA:24,0
DA:25,0
DA:31,1
DA:33,0
DA:34,0
DA:40,3
DA:42,0
DA:43,0
LF:15
LH:5
end_of_record
SF:lib\presentation\bloc\tv_detail\tv_detail_state.dart
DA:12,6
DA:22,2
DA:31,2
DA:32,2
DA:33,2
DA:34,1
DA:35,2
DA:36,2
DA:37,2
DA:38,2
DA:42,2
DA:54,1
DA:55,1
DA:56,1
DA:57,1
DA:58,1
DA:59,1
DA:60,1
DA:61,1
DA:62,1
LF:20
LH:20
end_of_record
SF:lib\presentation\bloc\tv_detail\tv_detail_bloc.dart
DA:26,1
DA:32,2
DA:33,1
DA:34,1
DA:35,1
DA:37,3
DA:38,3
DA:39,3
DA:41,1
DA:42,1
DA:43,1
DA:44,2
DA:46,1
DA:50,1
DA:51,1
DA:52,2
DA:59,1
DA:60,1
DA:61,1
DA:62,2
DA:64,1
DA:68,1
DA:69,1
DA:70,2
DA:83,1
DA:84,1
DA:85,1
DA:87,3
DA:89,1
DA:90,1
DA:91,4
DA:93,1
DA:94,3
DA:98,3
DA:102,1
DA:103,1
DA:104,1
DA:106,3
DA:108,1
DA:109,1
DA:110,4
DA:112,1
DA:113,3
DA:117,3
DA:121,1
DA:122,1
DA:123,1
DA:125,3
DA:126,3
LF:49
LH:49
end_of_record
SF:lib\presentation\bloc\tv_list_bloc.dart
DA:9,3
DA:10,2
DA:11,2
DA:12,3
DA:14,1
DA:15,1
DA:16,3
DA:18,1
DA:19,2
LF:9
LH:9
end_of_record
SF:lib\presentation\pages\popular_tv_page.dart
DA:11,1
DA:13,1
DA:14,1
DA:18,1
DA:20,1
DA:21,6
DA:24,1
DA:26,1
DA:27,1
DA:30,1
DA:32,1
DA:33,1
DA:34,1
DA:38,1
DA:39,1
DA:40,1
DA:41,1
DA:42,1
DA:43,1
DA:45,1
DA:47,1
DA:48,1
DA:50,2
DA:53,0
DA:54,0
LF:25
LH:23
end_of_record
SF:lib\presentation\pages\tv_detail_page.dart
DA:17,1
DA:19,1
DA:20,1
DA:24,1
DA:26,1
DA:27,2
DA:28,6
DA:29,6
DA:33,1
DA:35,1
DA:36,1
DA:37,1
DA:38,2
DA:40,2
DA:42,1
DA:43,4
DA:45,2
DA:47,1
DA:48,1
DA:49,2
DA:54,1
DA:55,3
DA:56,2
DA:57,1
DA:58,2
DA:62,2
DA:63,1
DA:64,1
DA:65,1
DA:67,1
DA:68,1
DA:71,2
DA:72,0
DA:74,1
DA:87,1
DA:89,1
DA:91,1
DA:92,1
DA:99,1
DA:101,5
DA:102,6
DA:103,1
DA:106,1
DA:108,3
DA:109,1
DA:110,1
DA:111,1
DA:112,4
DA:114,1
DA:117,0
DA:119,1
DA:121,1
DA:122,1
DA:123,1
DA:133,1
DA:134,1
DA:135,1
DA:137,1
DA:139,1
DA:141,1
DA:142,1
DA:143,3
DA:144,1
DA:146,1
DA:147,1
DA:148,2
DA:150,1
DA:151,4
DA:154,0
DA:155,0
DA:158,1
DA:160,1
DA:161,2
DA:168,1
DA:169,4
DA:171,1
DA:172,5
DA:174,1
DA:175,1
DA:176,1
DA:177,4
DA:179,1
DA:185,5
DA:189,1
DA:191,1
DA:193,1
DA:194,3
DA:196,1
DA:197,1
DA:198,1
DA:199,5
DA:200,1
DA:201,3
DA:204,1
DA:205,0
DA:206,0
DA:207,0
DA:208,0
DA:213,3
DA:215,1
DA:217,1
DA:219,1
DA:220,1
DA:221,2
DA:226,2
DA:228,0
DA:229,2
DA:231,1
DA:233,1
DA:235,1
DA:237,3
DA:238,1
DA:240,1
DA:241,0
DA:242,0
DA:245,0
DA:248,1
DA:253,1
DA:255,2
DA:256,1
DA:262,0
DA:269,3
DA:273,0
DA:281,1
DA:283,1
DA:298,1
DA:300,1
DA:303,1
DA:305,0
DA:306,0
DA:315,1
DA:317,2
DA:318,3
DA:321,1
DA:325,3
DA:328,1
DA:329,1
DA:330,1
DA:332,1
DA:333,0
DA:335,1
LF:141
LH:124
end_of_record
SF:lib\presentation\pages\top_rated_tv_page.dart
DA:11,1
DA:13,1
DA:14,1
DA:18,1
DA:20,1
DA:21,6
DA:24,1
DA:26,1
DA:27,1
DA:30,1
DA:32,1
DA:33,1
DA:34,1
DA:38,1
DA:39,1
DA:40,1
DA:41,1
DA:42,1
DA:43,1
DA:45,1
DA:47,1
DA:48,1
DA:50,2
DA:53,0
DA:54,0
LF:25
LH:23
end_of_record
